Increment Time CutbackLevel Converged IterationsNeeded
           1   1.2500000000000000                0 T           3
           2   2.5000000000000000                0 T           1
           3   3.7500000000000000                0 T           1
           4   5.0000000000000000                0 T           1
           5   6.2500000000000000                0 T           1
           6   7.5000000000000000                0 T           1
           7   8.7500000000000000                0 T           1
           8   10.000000000000000                0 T           1
           9   11.250000000000000                0 T           1
          10   12.500000000000000                0 T           1
          11   13.750000000000000                0 T           1
          12   15.000000000000000                0 T           1
          13   16.250000000000000                0 T           1
          14   17.500000000000000                0 T           1
          15   18.750000000000000                0 T           1
          16   20.000000000000000                0 T           1
          17   21.250000000000000                0 T           1
          18   22.500000000000000                0 T           1
          19   23.750000000000000                0 T           1
          20   25.000000000000000                0 T           1
          21   26.250000000000000                0 T           1
          22   27.500000000000000                0 T           1
          23   28.750000000000000                0 T           1
          24   30.000000000000000                0 T           1
          25   31.250000000000000                0 T           1
          26   32.500000000000000                0 T           1
          27   33.750000000000000                0 T           1
          28   35.000000000000000                0 T           1
          29   36.250000000000000                0 T           1
          30   37.500000000000000                0 T           1
          31   38.750000000000000                0 T           1
          32   40.000000000000000                0 T           1
          33   41.250000000000000                0 T           1
          34   42.500000000000000                0 T           1
          35   43.750000000000000                0 T           1
          36   45.000000000000000                0 T           1
          37   46.250000000000000                0 T           1
          38   47.500000000000000                0 T           1
          39   48.750000000000000                0 T           1
          40   50.000000000000000                0 T           1
          41   51.250000000000000                0 T           1
          42   52.500000000000000                0 T           1
          43   53.750000000000000                0 T           1
          44   55.000000000000000                0 T           1
          45   56.250000000000000                0 T           1
          46   57.500000000000000                0 T           1
          47   58.750000000000000                0 T           1
          48   60.000000000000000                0 T           1
          49   61.250000000000000                0 T           1
          50   62.500000000000000                0 T           1
          51   63.750000000000000                0 T           1
          52   65.000000000000000                0 T           1
          53   66.250000000000000                0 T           1
          54   67.500000000000000                0 T           1
          55   68.750000000000000                0 T           1
          56   70.000000000000000                0 T           1
          57   71.250000000000000                0 T           1
          58   72.500000000000000                0 T           1
          59   73.750000000000000                0 T           1
          60   75.000000000000000                0 T           1
          61   76.250000000000000                0 T           1
          62   77.500000000000000                0 T           1
          63   78.750000000000000                0 T           1
          64   80.000000000000000                0 T           1
          65   81.250000000000000                0 T           1
          66   82.500000000000000                0 T           1
          67   83.750000000000000                0 T           1
          68   85.000000000000000                0 T           1
          69   86.250000000000000                0 T           1
          70   87.500000000000000                0 T           1
          71   88.750000000000000                0 T           1
          72   90.000000000000000                0 T           1
          73   91.250000000000000                0 T           1
          74   92.500000000000000                0 T           1
          75   93.750000000000000                0 T           1
          76   95.000000000000000                0 T           1
          77   96.250000000000000                0 T           1
          78   97.500000000000000                0 T           1
          79   98.750000000000000                0 T           1
          80   100.00000000000000                0 T           1
          81   101.25000000000000                0 T           1
          82   102.50000000000000                0 T           1
          83   103.75000000000000                0 T           1
          84   105.00000000000000                0 T           1
          85   106.25000000000000                0 T           1
          86   107.50000000000000                0 T           1
          87   108.75000000000000                0 T           1
          88   110.00000000000000                0 T           1
          89   111.25000000000000                0 T           1
          90   112.50000000000000                0 T           1
          91   113.75000000000000                0 T           1
          92   115.00000000000000                0 T           1
          93   116.25000000000000                0 T           1
          94   117.50000000000000                0 T           1
          95   118.75000000000000                0 T           1
          96   120.00000000000000                0 T           1
          97   121.25000000000000                0 T           1
          98   122.50000000000000                0 T           1
          99   123.75000000000000                0 T           1
         100   125.00000000000000                0 T           1
